<?xml version="1.0" encoding="UTF-8"?>
<!-- Generated by org.testng.reporters.JUnitReportReporter -->
<testsuite skipped="0" hostname="LAPTOP-DPGT6E53" name="com.canada.MyfristScript" tests="1" failures="0" timestamp="03 Apr 2019 15:50:30 GMT" time="0.021" errors="0">
  <testcase name="createUser" time="0.021" classname="com.canada.MyfristScript"/>
</testsuite> <!-- com.canada.MyfristScript -->
